<?xml version="1.0" encoding="UTF-8"?>
<!-- Generated by org.testng.reporters.JUnitXMLReporter -->
<testsuite ignored="0" hostname="LAPTOP-K171VAOP" failures="0" tests="11" name="Default test" time="25.495" errors="0" timestamp="2022-03-31T15:41:15 IST">
  <testcase classname="com.ba.guru.test.QuotationpageTest" name="clickQuationtion" time="0.327"/>
  <testcase classname="com.ba.guru.test.QuotationpageTest" name="enterBreakCover" time="0.248"/>
  <testcase classname="com.ba.guru.test.QuotationpageTest" name="enterWindScreenCover" time="0.125"/>
  <testcase classname="com.ba.guru.test.QuotationpageTest" name="entervehicledetail" time="0.64"/>
  <testcase classname="com.ba.guru.test.QuotationpageTest" name="enterParkingLocation" time="0.138"/>
  <testcase classname="com.ba.guru.test.QuotationpageTest" name="enterStartofpolicy" time="0.549"/>
  <testcase classname="com.ba.guru.test.QuotationpageTest" name="checkamount" time="0.055"/>
  <testcase classname="com.ba.guru.test.QuotationpageTest" name="ClickSaveQuotation" time="1.189"/>
  <testcase classname="com.ba.guru.test.QuotationpageTest" name="getQuationpageUrl" time="1.344"/>
  <testcase classname="com.ba.guru.test.QuotationpageTest" name="getRetrivebtn" time="4.582"/>
  <testcase classname="com.ba.guru.test.QuotationpageTest" name="ClickRetrivebtn" time="1.845"/>
</testsuite> <!-- Default test -->
